<?xml version="1.0" encoding="UTF-8"?>
<testsuite xmlns:xsi="http://www.w3.org/2001/XMLSchema-instance" xsi:noNamespaceSchemaLocation="https://maven.apache.org/surefire/maven-surefire-plugin/xsd/surefire-test-report.xsd" name="com.silverbars.domain.OrderTest" time="0.125" tests="4" errors="0" skipped="0" failures="0">
  <properties>
[...]
</properties>
  <testcase name="should_not_accept_null_type" classname="com.silverbars.domain.OrderTest" time="0.032"/>
  <testcase name="should_transform_builder_value_into_order_value" classname="com.silverbars.domain.OrderTest" time="0.093"/>
  <testcase name="should_return_illegal_argument_when_wrong_quantity" classname="com.silverbars.domain.OrderTest" time="0"/>
  <testcase name="should_return_illegal_argument_when_wrong_price" classname="com.silverbars.domain.OrderTest" time="0"/>
</testsuite>